2023-04-15 14:46:03,326 INFO: 
                ____                _       _____  ____
               / __ ) ____ _ _____ (_)_____/ ___/ / __ \
              / __  |/ __ `// ___// // ___/\__ \ / /_/ /
             / /_/ // /_/ /(__  )/ // /__ ___/ // _, _/
            /_____/ \__,_//____//_/ \___//____//_/ |_|
     ______                   __   __                 __      __
    / ____/____   ____   ____/ /  / /   __  __ _____ / /__   / /
   / / __ / __ \ / __ \ / __  /  / /   / / / // ___// //_/  / /
  / /_/ // /_/ // /_/ // /_/ /  / /___/ /_/ // /__ / /<    /_/
  \____/ \____/ \____/ \____/  /_____/\____/ \___//_/|_|  (_)
    
Version Information: 
	BasicSR: 1.4.1
	PyTorch: 1.9.0+cu111
	TorchVision: 0.10.0+cu111
2023-04-15 14:46:03,326 INFO: 
  name: FlareRemoval_Uformer_6ch
  model_type: DeflareModel
  scale: 1
  num_gpu: 1
  manual_seed: 0
  datasets:[
    train:[
      name: Flare7K
      type: Flare_Pair_Loader
      image_path: ../dataset/Flickr24K/test
      scattering_dict:[
        Flare7K_scattering: ../dataset/Flare7k/Scattering_Flare/small_scale
      ]
      reflective_dict:[
        Flare7K_reflective: ../dataset/Flare7k/Reflective_Flare/test
      ]
      transform_base:[
        img_size: 512
      ]
      transform_flare:[
        scale_min: 0.8
        scale_max: 1.5
        translate: 300
        shear: 20
      ]
      mask_type: None
      use_shuffle: True
      num_worker_per_gpu: 0
      batch_size_per_gpu: 1
      dataset_enlarge_ratio: 1
      prefetch_mode: None
      phase: train
      scale: 1
    ]
    val:[
      name: flare_test
      type: Image_Pair_Loader
      dataroot_gt: ../dataset/Flare7k/test_data/real/gt
      dataroot_lq: ../dataset/Flare7k/test_data/real/input
      gt_size: 512
      phase: val
      scale: 1
    ]
  ]
  network_g:[
    type: Uformer
    img_size: 512
    img_ch: 3
    output_ch: 6
    multi_stage: 1
  ]
  path:[
    pretrain_network_g: None
    strict_load_g: True
    resume_state: None
    experiments_root: D:\data\tunnel\Flare\experiments\FlareRemoval_Uformer_6ch
    models: D:\data\tunnel\Flare\experiments\FlareRemoval_Uformer_6ch\models
    training_states: D:\data\tunnel\Flare\experiments\FlareRemoval_Uformer_6ch\training_states
    log: D:\data\tunnel\Flare\experiments\FlareRemoval_Uformer_6ch
    visualization: D:\data\tunnel\Flare\experiments\FlareRemoval_Uformer_6ch\visualization
  ]
  train:[
    optim_g:[
      type: Adam
      lr: 0.0001
      weight_decay: 0
      betas: [0.9, 0.99]
    ]
    scheduler:[
      type: MultiStepLR
      milestones: [200000]
      gamma: 1.0
    ]
    ema_decay: 0
    total_iter: 1200000
    warmup_iter: -1
    l1_opt:[
      type: L_Abs_pure
      loss_weight: 0.5
    ]
    perceptual:[
      type: L_percepture
      loss_weight: 0.5
    ]
  ]
  val:[
    val_freq: 5000.0
    save_img: True
    metrics:[
      psnr:[
        type: calculate_psnr
        crop_border: 4
        test_y_channel: False
      ]
      ssim:[
        type: calculate_ssim
        crop_border: 4
        test_y_channel: False
      ]
    ]
  ]
  logger:[
    print_freq: 100
    save_checkpoint_freq: 50000.0
    use_tb_logger: True
    wandb:[
      project: None
      resume_id: None
    ]
  ]
  dist_params:[
    backend: nccl
    port: 29500
  ]
  dist: False
  rank: 0
  world_size: 1
  auto_resume: False
  is_train: True
  root_path: D:\data\tunnel\Flare

2023-04-15 14:46:03,529 INFO: Dataset [Flare_Pair_Loader] - Flare7K is built.
2023-04-15 14:46:03,530 INFO: Training statistics:
	Number of train images: 3
	Dataset enlarge ratio: 1
	Batch size per gpu: 1
	World size (gpu number): 1
	Require iter number per epoch: 3
	Total epochs: 400000; iters: 1200000.
2023-04-15 14:46:03,542 INFO: Dataset [Image_Pair_Loader] - flare_test is built.
2023-04-15 14:46:03,542 INFO: Number of val images/folders in flare_test: 100
2023-04-15 14:46:03,723 INFO: Network [Uformer] is created.
