2023-04-27 14:15:21,633 INFO: 
                ____                _       _____  ____
               / __ ) ____ _ _____ (_)_____/ ___/ / __ \
              / __  |/ __ `// ___// // ___/\__ \ / /_/ /
             / /_/ // /_/ /(__  )/ // /__ ___/ // _, _/
            /_____/ \__,_//____//_/ \___//____//_/ |_|
     ______                   __   __                 __      __
    / ____/____   ____   ____/ /  / /   __  __ _____ / /__   / /
   / / __ / __ \ / __ \ / __  /  / /   / / / // ___// //_/  / /
  / /_/ // /_/ // /_/ // /_/ /  / /___/ /_/ // /__ / /<    /_/
  \____/ \____/ \____/ \____/  /_____/\____/ \___//_/|_|  (_)
    
Version Information: 
	BasicSR: 1.4.1
	PyTorch: 1.9.0+cu111
	TorchVision: 0.10.0+cu111
2023-04-27 14:15:21,634 INFO: 
  name: FlareRemoval_DeflareNet_6ch
  model_type: DDeflareModel
  scale: 1
  num_gpu: 1
  manual_seed: 0
  datasets:[
    train:[
      name: Flare7K
      type: Flare_Pair_Loader
      image_path: ../dataset/Flickr24K
      scattering_dict:[
        Flare7K_scattering: ../dataset/Flare7k/Scattering_Flare/Compound_Flare
      ]
      reflective_dict:[
        Flare7K_reflective: ../dataset/Flare7k/Reflective_Flare
      ]
      transform_base:[
        img_size: 512
      ]
      transform_flare:[
        scale_min: 0.8
        scale_max: 1.5
        translate: 300
        shear: 20
      ]
      mask_type: None
      use_shuffle: True
      num_worker_per_gpu: 0
      batch_size_per_gpu: 1
      dataset_enlarge_ratio: 1
      prefetch_mode: None
      phase: train
      scale: 1
    ]
    val:[
      name: flare_test
      type: Image_Pair_Loader
      dataroot_gt: ../dataset/Flare7k/test_data/real/gt
      dataroot_lq: ../dataset/Flare7k/test_data/real/input
      gt_size: 512
      phase: val
      scale: 1
    ]
  ]
  network_g:[
    type: DeflareNet
    img_size: 512
    img_ch: 3
    output_ch: 3
    use_se: True
  ]
  path:[
    pretrain_network_g: None
    strict_load_g: True
    resume_state: None
    experiments_root: D:\data\tunnel\Flare\experiments\FlareRemoval_DeflareNet_6ch
    models: D:\data\tunnel\Flare\experiments\FlareRemoval_DeflareNet_6ch\models
    training_states: D:\data\tunnel\Flare\experiments\FlareRemoval_DeflareNet_6ch\training_states
    log: D:\data\tunnel\Flare\experiments\FlareRemoval_DeflareNet_6ch
    visualization: D:\data\tunnel\Flare\experiments\FlareRemoval_DeflareNet_6ch\visualization
  ]
  train:[
    optim_g:[
      type: Adam
      lr: 0.0001
      weight_decay: 0
      betas: [0.9, 0.99]
    ]
    scheduler:[
      type: MultiStepLR
      milestones: [200000]
      gamma: 1.0
    ]
    ema_decay: 0
    total_iter: 1200000
    warmup_iter: -1
    l1_opt:[
      type: L_Abs_pure
      loss_weight: 0.5
    ]
    perceptual:[
      type: L_percepture
      loss_weight: 0.5
    ]
  ]
  val:[
    val_freq: 100.0
    save_img: True
    metrics:[
      psnr:[
        type: calculate_psnr
        crop_border: 4
        test_y_channel: False
      ]
      ssim:[
        type: calculate_ssim
        crop_border: 4
        test_y_channel: False
      ]
    ]
  ]
  logger:[
    print_freq: 100
    save_checkpoint_freq: 50000.0
    use_tb_logger: True
    wandb:[
      project: None
      resume_id: None
    ]
  ]
  dist_params:[
    backend: nccl
    port: 29500
  ]
  dist: False
  rank: 0
  world_size: 1
  auto_resume: False
  is_train: True
  root_path: D:\data\tunnel\Flare

2023-04-27 14:15:22,402 INFO: Dataset [Flare_Pair_Loader] - Flare7K is built.
2023-04-27 14:15:22,402 INFO: Training statistics:
	Number of train images: 23949
	Dataset enlarge ratio: 1
	Batch size per gpu: 1
	World size (gpu number): 1
	Require iter number per epoch: 23949
	Total epochs: 51; iters: 1200000.
2023-04-27 14:15:22,413 INFO: Dataset [Image_Pair_Loader] - flare_test is built.
2023-04-27 14:15:22,413 INFO: Number of val images/folders in flare_test: 100
2023-04-27 14:15:22,423 INFO: Network [DeflareNet] is created.
2023-04-27 14:15:23,388 INFO: Network: DeflareNet, with parameters: 631,527
2023-04-27 14:15:23,388 INFO: DeflareNet(
  (diff_conv): ExpansionConvNet(
    (conv11): Conv2d(3, 32, kernel_size=(3, 3), stride=(1, 1), padding=(1, 1))
    (relu11): ReLU()
    (conv12): Conv2d(32, 32, kernel_size=(3, 3), stride=(1, 1), padding=(1, 1))
    (relu12): ReLU()
    (conv21): Conv2d(3, 32, kernel_size=(3, 3), stride=(1, 1), padding=(1, 1))
    (relu21): ReLU()
    (conv22): Conv2d(32, 32, kernel_size=(3, 3), stride=(1, 1), padding=(2, 2), dilation=(2, 2))
    (relu22): ReLU()
    (conv31): Conv2d(3, 32, kernel_size=(3, 3), stride=(1, 1), padding=(2, 2), dilation=(2, 2))
    (relu31): ReLU()
    (conv32): Conv2d(32, 32, kernel_size=(3, 3), stride=(1, 1), padding=(3, 3), dilation=(3, 3))
    (relu32): ReLU()
    (conv_connect): Conv2d(96, 64, kernel_size=(1, 1), stride=(1, 1))
    (conv_optimize): Conv2d(64, 1, kernel_size=(3, 3), stride=(1, 1), padding=(1, 1))
    (no_linear): ReLU()
  )
  (resnet18): ResNet18(
    (conv1): Sequential(
      (0): Conv2d(1, 64, kernel_size=(3, 3), stride=(1, 1), padding=(1, 1), bias=False)
      (1): BatchNorm2d(64, eps=1e-05, momentum=0.1, affine=True, track_running_stats=True)
      (2): ReLU()
    )
    (layer1): Sequential(
      (0): ResBlock(
        (left): Sequential(
          (0): Conv2d(64, 64, kernel_size=(3, 3), stride=(1, 1), padding=(1, 1), bias=False)
          (1): BatchNorm2d(64, eps=1e-05, momentum=0.1, affine=True, track_running_stats=True)
          (2): ReLU(inplace=True)
          (3): Conv2d(64, 64, kernel_size=(3, 3), stride=(1, 1), padding=(1, 1), bias=False)
          (4): BatchNorm2d(64, eps=1e-05, momentum=0.1, affine=True, track_running_stats=True)
        )
        (shortcut): Sequential()
      )
      (1): ResBlock(
        (left): Sequential(
          (0): Conv2d(64, 64, kernel_size=(3, 3), stride=(1, 1), padding=(1, 1), bias=False)
          (1): BatchNorm2d(64, eps=1e-05, momentum=0.1, affine=True, track_running_stats=True)
          (2): ReLU(inplace=True)
          (3): Conv2d(64, 64, kernel_size=(3, 3), stride=(1, 1), padding=(1, 1), bias=False)
          (4): BatchNorm2d(64, eps=1e-05, momentum=0.1, affine=True, track_running_stats=True)
        )
        (shortcut): Sequential()
      )
    )
    (layer2): Sequential(
      (0): ResBlock(
        (left): Sequential(
          (0): Conv2d(64, 64, kernel_size=(3, 3), stride=(1, 1), padding=(1, 1), bias=False)
          (1): BatchNorm2d(64, eps=1e-05, momentum=0.1, affine=True, track_running_stats=True)
          (2): ReLU(inplace=True)
          (3): Conv2d(64, 64, kernel_size=(3, 3), stride=(1, 1), padding=(1, 1), bias=False)
          (4): BatchNorm2d(64, eps=1e-05, momentum=0.1, affine=True, track_running_stats=True)
        )
        (shortcut): Sequential()
      )
      (1): ResBlock(
        (left): Sequential(
          (0): Conv2d(64, 64, kernel_size=(3, 3), stride=(1, 1), padding=(1, 1), bias=False)
          (1): BatchNorm2d(64, eps=1e-05, momentum=0.1, affine=True, track_running_stats=True)
          (2): ReLU(inplace=True)
          (3): Conv2d(64, 64, kernel_size=(3, 3), stride=(1, 1), padding=(1, 1), bias=False)
          (4): BatchNorm2d(64, eps=1e-05, momentum=0.1, affine=True, track_running_stats=True)
        )
        (shortcut): Sequential()
      )
    )
    (layer3): Sequential(
      (0): ResBlock(
        (left): Sequential(
          (0): Conv2d(64, 64, kernel_size=(3, 3), stride=(1, 1), padding=(1, 1), bias=False)
          (1): BatchNorm2d(64, eps=1e-05, momentum=0.1, affine=True, track_running_stats=True)
          (2): ReLU(inplace=True)
          (3): Conv2d(64, 64, kernel_size=(3, 3), stride=(1, 1), padding=(1, 1), bias=False)
          (4): BatchNorm2d(64, eps=1e-05, momentum=0.1, affine=True, track_running_stats=True)
        )
        (shortcut): Sequential()
      )
      (1): ResBlock(
        (left): Sequential(
          (0): Conv2d(64, 64, kernel_size=(3, 3), stride=(1, 1), padding=(1, 1), bias=False)
          (1): BatchNorm2d(64, eps=1e-05, momentum=0.1, affine=True, track_running_stats=True)
          (2): ReLU(inplace=True)
          (3): Conv2d(64, 64, kernel_size=(3, 3), stride=(1, 1), padding=(1, 1), bias=False)
          (4): BatchNorm2d(64, eps=1e-05, momentum=0.1, affine=True, track_running_stats=True)
        )
        (shortcut): Sequential()
      )
    )
    (layer4): Sequential(
      (0): ResBlock(
        (left): Sequential(
          (0): Conv2d(64, 64, kernel_size=(3, 3), stride=(1, 1), padding=(1, 1), bias=False)
          (1): BatchNorm2d(64, eps=1e-05, momentum=0.1, affine=True, track_running_stats=True)
          (2): ReLU(inplace=True)
          (3): Conv2d(64, 64, kernel_size=(3, 3), stride=(1, 1), padding=(1, 1), bias=False)
          (4): BatchNorm2d(64, eps=1e-05, momentum=0.1, affine=True, track_running_stats=True)
        )
        (shortcut): Sequential()
      )
      (1): ResBlock(
        (left): Sequential(
          (0): Conv2d(64, 64, kernel_size=(3, 3), stride=(1, 1), padding=(1, 1), bias=False)
          (1): BatchNorm2d(64, eps=1e-05, momentum=0.1, affine=True, track_running_stats=True)
          (2): ReLU(inplace=True)
          (3): Conv2d(64, 64, kernel_size=(3, 3), stride=(1, 1), padding=(1, 1), bias=False)
          (4): BatchNorm2d(64, eps=1e-05, momentum=0.1, affine=True, track_running_stats=True)
        )
        (shortcut): Sequential()
      )
    )
    (conv2): Sequential(
      (0): Conv2d(64, 3, kernel_size=(3, 3), stride=(1, 1), padding=(1, 1), bias=False)
      (1): BatchNorm2d(3, eps=1e-05, momentum=0.1, affine=True, track_running_stats=True)
      (2): ReLU()
    )
  )
)
2023-04-27 14:15:23,389 INFO: Loss [L_Abs_pure] is created.
2023-04-27 14:15:24,080 INFO: Loss [L_percepture] is created.
2023-04-27 14:15:24,082 INFO: Model [DDeflareModel] is created.
2023-04-27 14:15:24,082 INFO: Start training from epoch: 0, iter: 0
2023-04-27 14:15:24,477 INFO: epoch:0
2023-04-27 14:15:24,477 INFO: current1
