2023-04-20 22:01:31,455 INFO: 
                ____                _       _____  ____
               / __ ) ____ _ _____ (_)_____/ ___/ / __ \
              / __  |/ __ `// ___// // ___/\__ \ / /_/ /
             / /_/ // /_/ /(__  )/ // /__ ___/ // _, _/
            /_____/ \__,_//____//_/ \___//____//_/ |_|
     ______                   __   __                 __      __
    / ____/____   ____   ____/ /  / /   __  __ _____ / /__   / /
   / / __ / __ \ / __ \ / __  /  / /   / / / // ___// //_/  / /
  / /_/ // /_/ // /_/ // /_/ /  / /___/ /_/ // /__ / /<    /_/
  \____/ \____/ \____/ \____/  /_____/\____/ \___//_/|_|  (_)
    
Version Information: 
	BasicSR: 1.4.1
	PyTorch: 1.9.0+cu111
	TorchVision: 0.10.0+cu111
2023-04-20 22:01:31,456 INFO: 
  name: FlareRemoval_RepVGG_6ch
  model_type: DeflareModel
  scale: 1
  num_gpu: 1
  manual_seed: 0
  datasets:[
    train:[
      name: Flare7K
      type: Flare_Pair_Loader
      image_path: ../dataset/Flickr24K
      scattering_dict:[
        Flare7K_scattering: ../dataset/Flare7k/Scattering_Flare/Glare_with_shimmer
      ]
      reflective_dict:[
        Flare7K_reflective: ../dataset/Flare7k/Reflective_Flare
      ]
      transform_base:[
        img_size: 512
      ]
      transform_flare:[
        scale_min: 0.8
        scale_max: 1.5
        translate: 300
        shear: 20
      ]
      mask_type: None
      use_shuffle: True
      num_worker_per_gpu: 0
      batch_size_per_gpu: 1
      dataset_enlarge_ratio: 1
      prefetch_mode: None
      phase: train
      scale: 1
    ]
    val:[
      name: flare_test
      type: Image_Pair_Loader
      dataroot_gt: ../dataset/Flare7k/test_data/real/gt
      dataroot_lq: ../dataset/Flare7k/test_data/real/input
      gt_size: 512
      phase: val
      scale: 1
    ]
  ]
  network_g:[
    type: RepVGG
    img_size: 512
    img_ch: 3
    output_ch: 6
    width_multiplier: [1, 1, 1, 1]
    num_blocks: [2, 4, 14, 1, 1]
    use_se: True
  ]
  path:[
    pretrain_network_g: None
    strict_load_g: True
    resume_state: None
    experiments_root: D:\data\tunnel\Flare\experiments\FlareRemoval_RepVGG_6ch
    models: D:\data\tunnel\Flare\experiments\FlareRemoval_RepVGG_6ch\models
    training_states: D:\data\tunnel\Flare\experiments\FlareRemoval_RepVGG_6ch\training_states
    log: D:\data\tunnel\Flare\experiments\FlareRemoval_RepVGG_6ch
    visualization: D:\data\tunnel\Flare\experiments\FlareRemoval_RepVGG_6ch\visualization
  ]
  train:[
    optim_g:[
      type: Adam
      lr: 0.0001
      weight_decay: 0
      betas: [0.9, 0.99]
    ]
    scheduler:[
      type: MultiStepLR
      milestones: [200000]
      gamma: 1.0
    ]
    ema_decay: 0
    total_iter: 1200000
    warmup_iter: -1
    l1_opt:[
      type: L_Abs_pure
      loss_weight: 0.5
    ]
    perceptual:[
      type: L_percepture
      loss_weight: 0.5
    ]
  ]
  val:[
    val_freq: 5000.0
    save_img: True
    metrics:[
      psnr:[
        type: calculate_psnr
        crop_border: 4
        test_y_channel: False
      ]
      ssim:[
        type: calculate_ssim
        crop_border: 4
        test_y_channel: False
      ]
    ]
  ]
  logger:[
    print_freq: 100
    save_checkpoint_freq: 50000.0
    use_tb_logger: True
    wandb:[
      project: None
      resume_id: None
    ]
  ]
  dist_params:[
    backend: nccl
    port: 29500
  ]
  dist: False
  rank: 0
  world_size: 1
  auto_resume: False
  is_train: True
  root_path: D:\data\tunnel\Flare

2023-04-20 22:01:32,359 INFO: Dataset [Flare_Pair_Loader] - Flare7K is built.
2023-04-20 22:01:32,360 INFO: Training statistics:
	Number of train images: 23949
	Dataset enlarge ratio: 1
	Batch size per gpu: 1
	World size (gpu number): 1
	Require iter number per epoch: 23949
	Total epochs: 51; iters: 1200000.
2023-04-20 22:01:32,371 INFO: Dataset [Image_Pair_Loader] - flare_test is built.
2023-04-20 22:01:32,371 INFO: Number of val images/folders in flare_test: 100
2023-04-20 22:01:32,402 INFO: Network [RepVGG] is created.
2023-04-20 22:01:34,455 INFO: Network: RepVGG, with parameters: 874,264
2023-04-20 22:01:34,456 INFO: RepVGG(
  (stage0): RepVGGBlock(
    (nonlinearity): ReLU()
    (se): Identity()
    (rbr_dense): Sequential(
      (conv): Conv2d(3, 64, kernel_size=(3, 3), stride=(1, 1), padding=(1, 1), bias=False)
      (bn): BatchNorm2d(64, eps=1e-05, momentum=0.1, affine=True, track_running_stats=True)
    )
    (rbr_1x1): Sequential(
      (conv): Conv2d(3, 64, kernel_size=(1, 1), stride=(1, 1), bias=False)
      (bn): BatchNorm2d(64, eps=1e-05, momentum=0.1, affine=True, track_running_stats=True)
    )
  )
  (stage1): ModuleList(
    (0): RepVGGBlock(
      (nonlinearity): ReLU()
      (se): Identity()
      (rbr_identity): BatchNorm2d(64, eps=1e-05, momentum=0.1, affine=True, track_running_stats=True)
      (rbr_dense): Sequential(
        (conv): Conv2d(64, 64, kernel_size=(3, 3), stride=(1, 1), padding=(1, 1), bias=False)
        (bn): BatchNorm2d(64, eps=1e-05, momentum=0.1, affine=True, track_running_stats=True)
      )
      (rbr_1x1): Sequential(
        (conv): Conv2d(64, 64, kernel_size=(1, 1), stride=(1, 1), bias=False)
        (bn): BatchNorm2d(64, eps=1e-05, momentum=0.1, affine=True, track_running_stats=True)
      )
    )
    (1): RepVGGBlock(
      (nonlinearity): ReLU()
      (se): Identity()
      (rbr_identity): BatchNorm2d(64, eps=1e-05, momentum=0.1, affine=True, track_running_stats=True)
      (rbr_dense): Sequential(
        (conv): Conv2d(64, 64, kernel_size=(3, 3), stride=(1, 1), padding=(1, 1), bias=False)
        (bn): BatchNorm2d(64, eps=1e-05, momentum=0.1, affine=True, track_running_stats=True)
      )
      (rbr_1x1): Sequential(
        (conv): Conv2d(64, 64, kernel_size=(1, 1), stride=(1, 1), bias=False)
        (bn): BatchNorm2d(64, eps=1e-05, momentum=0.1, affine=True, track_running_stats=True)
      )
    )
  )
  (stage2): ModuleList(
    (0): RepVGGBlock(
      (nonlinearity): ReLU()
      (se): Identity()
      (rbr_identity): BatchNorm2d(64, eps=1e-05, momentum=0.1, affine=True, track_running_stats=True)
      (rbr_dense): Sequential(
        (conv): Conv2d(64, 64, kernel_size=(3, 3), stride=(1, 1), padding=(1, 1), bias=False)
        (bn): BatchNorm2d(64, eps=1e-05, momentum=0.1, affine=True, track_running_stats=True)
      )
      (rbr_1x1): Sequential(
        (conv): Conv2d(64, 64, kernel_size=(1, 1), stride=(1, 1), bias=False)
        (bn): BatchNorm2d(64, eps=1e-05, momentum=0.1, affine=True, track_running_stats=True)
      )
    )
    (1): RepVGGBlock(
      (nonlinearity): ReLU()
      (se): Identity()
      (rbr_identity): BatchNorm2d(64, eps=1e-05, momentum=0.1, affine=True, track_running_stats=True)
      (rbr_dense): Sequential(
        (conv): Conv2d(64, 64, kernel_size=(3, 3), stride=(1, 1), padding=(1, 1), bias=False)
        (bn): BatchNorm2d(64, eps=1e-05, momentum=0.1, affine=True, track_running_stats=True)
      )
      (rbr_1x1): Sequential(
        (conv): Conv2d(64, 64, kernel_size=(1, 1), stride=(1, 1), bias=False)
        (bn): BatchNorm2d(64, eps=1e-05, momentum=0.1, affine=True, track_running_stats=True)
      )
    )
    (2): RepVGGBlock(
      (nonlinearity): ReLU()
      (se): Identity()
      (rbr_identity): BatchNorm2d(64, eps=1e-05, momentum=0.1, affine=True, track_running_stats=True)
      (rbr_dense): Sequential(
        (conv): Conv2d(64, 64, kernel_size=(3, 3), stride=(1, 1), padding=(1, 1), bias=False)
        (bn): BatchNorm2d(64, eps=1e-05, momentum=0.1, affine=True, track_running_stats=True)
      )
      (rbr_1x1): Sequential(
        (conv): Conv2d(64, 64, kernel_size=(1, 1), stride=(1, 1), bias=False)
        (bn): BatchNorm2d(64, eps=1e-05, momentum=0.1, affine=True, track_running_stats=True)
      )
    )
    (3): RepVGGBlock(
      (nonlinearity): ReLU()
      (se): Identity()
      (rbr_identity): BatchNorm2d(64, eps=1e-05, momentum=0.1, affine=True, track_running_stats=True)
      (rbr_dense): Sequential(
        (conv): Conv2d(64, 64, kernel_size=(3, 3), stride=(1, 1), padding=(1, 1), bias=False)
        (bn): BatchNorm2d(64, eps=1e-05, momentum=0.1, affine=True, track_running_stats=True)
      )
      (rbr_1x1): Sequential(
        (conv): Conv2d(64, 64, kernel_size=(1, 1), stride=(1, 1), bias=False)
        (bn): BatchNorm2d(64, eps=1e-05, momentum=0.1, affine=True, track_running_stats=True)
      )
    )
  )
  (stage3): ModuleList(
    (0): RepVGGBlock(
      (nonlinearity): ReLU()
      (se): Identity()
      (rbr_identity): BatchNorm2d(64, eps=1e-05, momentum=0.1, affine=True, track_running_stats=True)
      (rbr_dense): Sequential(
        (conv): Conv2d(64, 64, kernel_size=(3, 3), stride=(1, 1), padding=(1, 1), bias=False)
        (bn): BatchNorm2d(64, eps=1e-05, momentum=0.1, affine=True, track_running_stats=True)
      )
      (rbr_1x1): Sequential(
        (conv): Conv2d(64, 64, kernel_size=(1, 1), stride=(1, 1), bias=False)
        (bn): BatchNorm2d(64, eps=1e-05, momentum=0.1, affine=True, track_running_stats=True)
      )
    )
    (1): RepVGGBlock(
      (nonlinearity): ReLU()
      (se): Identity()
      (rbr_identity): BatchNorm2d(64, eps=1e-05, momentum=0.1, affine=True, track_running_stats=True)
      (rbr_dense): Sequential(
        (conv): Conv2d(64, 64, kernel_size=(3, 3), stride=(1, 1), padding=(1, 1), bias=False)
        (bn): BatchNorm2d(64, eps=1e-05, momentum=0.1, affine=True, track_running_stats=True)
      )
      (rbr_1x1): Sequential(
        (conv): Conv2d(64, 64, kernel_size=(1, 1), stride=(1, 1), bias=False)
        (bn): BatchNorm2d(64, eps=1e-05, momentum=0.1, affine=True, track_running_stats=True)
      )
    )
    (2): RepVGGBlock(
      (nonlinearity): ReLU()
      (se): Identity()
      (rbr_identity): BatchNorm2d(64, eps=1e-05, momentum=0.1, affine=True, track_running_stats=True)
      (rbr_dense): Sequential(
        (conv): Conv2d(64, 64, kernel_size=(3, 3), stride=(1, 1), padding=(1, 1), bias=False)
        (bn): BatchNorm2d(64, eps=1e-05, momentum=0.1, affine=True, track_running_stats=True)
      )
      (rbr_1x1): Sequential(
        (conv): Conv2d(64, 64, kernel_size=(1, 1), stride=(1, 1), bias=False)
        (bn): BatchNorm2d(64, eps=1e-05, momentum=0.1, affine=True, track_running_stats=True)
      )
    )
    (3): RepVGGBlock(
      (nonlinearity): ReLU()
      (se): Identity()
      (rbr_identity): BatchNorm2d(64, eps=1e-05, momentum=0.1, affine=True, track_running_stats=True)
      (rbr_dense): Sequential(
        (conv): Conv2d(64, 64, kernel_size=(3, 3), stride=(1, 1), padding=(1, 1), bias=False)
        (bn): BatchNorm2d(64, eps=1e-05, momentum=0.1, affine=True, track_running_stats=True)
      )
      (rbr_1x1): Sequential(
        (conv): Conv2d(64, 64, kernel_size=(1, 1), stride=(1, 1), bias=False)
        (bn): BatchNorm2d(64, eps=1e-05, momentum=0.1, affine=True, track_running_stats=True)
      )
    )
    (4): RepVGGBlock(
      (nonlinearity): ReLU()
      (se): Identity()
      (rbr_identity): BatchNorm2d(64, eps=1e-05, momentum=0.1, affine=True, track_running_stats=True)
      (rbr_dense): Sequential(
        (conv): Conv2d(64, 64, kernel_size=(3, 3), stride=(1, 1), padding=(1, 1), bias=False)
        (bn): BatchNorm2d(64, eps=1e-05, momentum=0.1, affine=True, track_running_stats=True)
      )
      (rbr_1x1): Sequential(
        (conv): Conv2d(64, 64, kernel_size=(1, 1), stride=(1, 1), bias=False)
        (bn): BatchNorm2d(64, eps=1e-05, momentum=0.1, affine=True, track_running_stats=True)
      )
    )
    (5): RepVGGBlock(
      (nonlinearity): ReLU()
      (se): Identity()
      (rbr_identity): BatchNorm2d(64, eps=1e-05, momentum=0.1, affine=True, track_running_stats=True)
      (rbr_dense): Sequential(
        (conv): Conv2d(64, 64, kernel_size=(3, 3), stride=(1, 1), padding=(1, 1), bias=False)
        (bn): BatchNorm2d(64, eps=1e-05, momentum=0.1, affine=True, track_running_stats=True)
      )
      (rbr_1x1): Sequential(
        (conv): Conv2d(64, 64, kernel_size=(1, 1), stride=(1, 1), bias=False)
        (bn): BatchNorm2d(64, eps=1e-05, momentum=0.1, affine=True, track_running_stats=True)
      )
    )
    (6): RepVGGBlock(
      (nonlinearity): ReLU()
      (se): Identity()
      (rbr_identity): BatchNorm2d(64, eps=1e-05, momentum=0.1, affine=True, track_running_stats=True)
      (rbr_dense): Sequential(
        (conv): Conv2d(64, 64, kernel_size=(3, 3), stride=(1, 1), padding=(1, 1), bias=False)
        (bn): BatchNorm2d(64, eps=1e-05, momentum=0.1, affine=True, track_running_stats=True)
      )
      (rbr_1x1): Sequential(
        (conv): Conv2d(64, 64, kernel_size=(1, 1), stride=(1, 1), bias=False)
        (bn): BatchNorm2d(64, eps=1e-05, momentum=0.1, affine=True, track_running_stats=True)
      )
    )
    (7): RepVGGBlock(
      (nonlinearity): ReLU()
      (se): Identity()
      (rbr_identity): BatchNorm2d(64, eps=1e-05, momentum=0.1, affine=True, track_running_stats=True)
      (rbr_dense): Sequential(
        (conv): Conv2d(64, 64, kernel_size=(3, 3), stride=(1, 1), padding=(1, 1), bias=False)
        (bn): BatchNorm2d(64, eps=1e-05, momentum=0.1, affine=True, track_running_stats=True)
      )
      (rbr_1x1): Sequential(
        (conv): Conv2d(64, 64, kernel_size=(1, 1), stride=(1, 1), bias=False)
        (bn): BatchNorm2d(64, eps=1e-05, momentum=0.1, affine=True, track_running_stats=True)
      )
    )
    (8): RepVGGBlock(
      (nonlinearity): ReLU()
      (se): Identity()
      (rbr_identity): BatchNorm2d(64, eps=1e-05, momentum=0.1, affine=True, track_running_stats=True)
      (rbr_dense): Sequential(
        (conv): Conv2d(64, 64, kernel_size=(3, 3), stride=(1, 1), padding=(1, 1), bias=False)
        (bn): BatchNorm2d(64, eps=1e-05, momentum=0.1, affine=True, track_running_stats=True)
      )
      (rbr_1x1): Sequential(
        (conv): Conv2d(64, 64, kernel_size=(1, 1), stride=(1, 1), bias=False)
        (bn): BatchNorm2d(64, eps=1e-05, momentum=0.1, affine=True, track_running_stats=True)
      )
    )
    (9): RepVGGBlock(
      (nonlinearity): ReLU()
      (se): Identity()
      (rbr_identity): BatchNorm2d(64, eps=1e-05, momentum=0.1, affine=True, track_running_stats=True)
      (rbr_dense): Sequential(
        (conv): Conv2d(64, 64, kernel_size=(3, 3), stride=(1, 1), padding=(1, 1), bias=False)
        (bn): BatchNorm2d(64, eps=1e-05, momentum=0.1, affine=True, track_running_stats=True)
      )
      (rbr_1x1): Sequential(
        (conv): Conv2d(64, 64, kernel_size=(1, 1), stride=(1, 1), bias=False)
        (bn): BatchNorm2d(64, eps=1e-05, momentum=0.1, affine=True, track_running_stats=True)
      )
    )
    (10): RepVGGBlock(
      (nonlinearity): ReLU()
      (se): Identity()
      (rbr_identity): BatchNorm2d(64, eps=1e-05, momentum=0.1, affine=True, track_running_stats=True)
      (rbr_dense): Sequential(
        (conv): Conv2d(64, 64, kernel_size=(3, 3), stride=(1, 1), padding=(1, 1), bias=False)
        (bn): BatchNorm2d(64, eps=1e-05, momentum=0.1, affine=True, track_running_stats=True)
      )
      (rbr_1x1): Sequential(
        (conv): Conv2d(64, 64, kernel_size=(1, 1), stride=(1, 1), bias=False)
        (bn): BatchNorm2d(64, eps=1e-05, momentum=0.1, affine=True, track_running_stats=True)
      )
    )
    (11): RepVGGBlock(
      (nonlinearity): ReLU()
      (se): Identity()
      (rbr_identity): BatchNorm2d(64, eps=1e-05, momentum=0.1, affine=True, track_running_stats=True)
      (rbr_dense): Sequential(
        (conv): Conv2d(64, 64, kernel_size=(3, 3), stride=(1, 1), padding=(1, 1), bias=False)
        (bn): BatchNorm2d(64, eps=1e-05, momentum=0.1, affine=True, track_running_stats=True)
      )
      (rbr_1x1): Sequential(
        (conv): Conv2d(64, 64, kernel_size=(1, 1), stride=(1, 1), bias=False)
        (bn): BatchNorm2d(64, eps=1e-05, momentum=0.1, affine=True, track_running_stats=True)
      )
    )
    (12): RepVGGBlock(
      (nonlinearity): ReLU()
      (se): Identity()
      (rbr_identity): BatchNorm2d(64, eps=1e-05, momentum=0.1, affine=True, track_running_stats=True)
      (rbr_dense): Sequential(
        (conv): Conv2d(64, 64, kernel_size=(3, 3), stride=(1, 1), padding=(1, 1), bias=False)
        (bn): BatchNorm2d(64, eps=1e-05, momentum=0.1, affine=True, track_running_stats=True)
      )
      (rbr_1x1): Sequential(
        (conv): Conv2d(64, 64, kernel_size=(1, 1), stride=(1, 1), bias=False)
        (bn): BatchNorm2d(64, eps=1e-05, momentum=0.1, affine=True, track_running_stats=True)
      )
    )
    (13): RepVGGBlock(
      (nonlinearity): ReLU()
      (se): Identity()
      (rbr_identity): BatchNorm2d(64, eps=1e-05, momentum=0.1, affine=True, track_running_stats=True)
      (rbr_dense): Sequential(
        (conv): Conv2d(64, 64, kernel_size=(3, 3), stride=(1, 1), padding=(1, 1), bias=False)
        (bn): BatchNorm2d(64, eps=1e-05, momentum=0.1, affine=True, track_running_stats=True)
      )
      (rbr_1x1): Sequential(
        (conv): Conv2d(64, 64, kernel_size=(1, 1), stride=(1, 1), bias=False)
        (bn): BatchNorm2d(64, eps=1e-05, momentum=0.1, affine=True, track_running_stats=True)
      )
    )
  )
  (stage4): ModuleList(
    (0): RepVGGBlock(
      (nonlinearity): ReLU()
      (se): Identity()
      (rbr_identity): BatchNorm2d(64, eps=1e-05, momentum=0.1, affine=True, track_running_stats=True)
      (rbr_dense): Sequential(
        (conv): Conv2d(64, 64, kernel_size=(3, 3), stride=(1, 1), padding=(1, 1), bias=False)
        (bn): BatchNorm2d(64, eps=1e-05, momentum=0.1, affine=True, track_running_stats=True)
      )
      (rbr_1x1): Sequential(
        (conv): Conv2d(64, 64, kernel_size=(1, 1), stride=(1, 1), bias=False)
        (bn): BatchNorm2d(64, eps=1e-05, momentum=0.1, affine=True, track_running_stats=True)
      )
    )
  )
  (stage5): ModuleList(
    (0): RepVGGBlock(
      (nonlinearity): ReLU()
      (se): Identity()
      (rbr_dense): Sequential(
        (conv): Conv2d(64, 6, kernel_size=(3, 3), stride=(1, 1), padding=(1, 1), bias=False)
        (bn): BatchNorm2d(6, eps=1e-05, momentum=0.1, affine=True, track_running_stats=True)
      )
      (rbr_1x1): Sequential(
        (conv): Conv2d(64, 6, kernel_size=(1, 1), stride=(1, 1), bias=False)
        (bn): BatchNorm2d(6, eps=1e-05, momentum=0.1, affine=True, track_running_stats=True)
      )
    )
  )
)
2023-04-20 22:01:34,457 INFO: Loss [L_Abs_pure] is created.
2023-04-20 22:01:35,379 INFO: Loss [L_percepture] is created.
2023-04-20 22:01:35,386 INFO: Model [DeflareModel] is created.
2023-04-20 22:01:35,389 INFO: Start training from epoch: 0, iter: 0
